This file contains any messages produced by compilers while
running configure, to aid debugging if configure makes a mistake.

It was created by rnnoise configure unknown, which was
generated by GNU Autoconf 2.71.  Invocation command line was

  $ configure

## --------- ##
## Platform. ##
## --------- ##

hostname = MSI
uname -m = x86_64
uname -r = 3.2.0-340.x86_64
uname -s = MSYS_NT-10.0-19043
uname -v = 2021-08-02 16:30 UTC

/usr/bin/uname -p = unknown
/bin/uname -X     = unknown

/bin/arch              = x86_64
/usr/bin/arch -k       = unknown
/usr/convex/getsysinfo = unknown
/usr/bin/hostinfo      = unknown
/bin/machine           = unknown
/usr/bin/oslevel       = unknown
/bin/universe          = unknown

PATH: /c/Windows/system32/
PATH: /c/Windows/
PATH: /c/Windows/System32/Wbem/
PATH: /c/Windows/System32/WindowsPowerShell/v1.0/
PATH: /c/Windows/System32/OpenSSH/
PATH: /c/Program Files/Polyspace/R2019a/runtime/win64/
PATH: /c/Program Files/Polyspace/R2019a/bin/
PATH: /c/Program Files/Polyspace/R2020a/runtime/win64/
PATH: /c/Program Files/Polyspace/R2020a/bin/
PATH: /c/Program Files/Polyspace/R2019a/polyspace/bin/
PATH: /c/Program Files/Polyspace/R2020a/polyspace/bin/
PATH: /c/Program Files/dotnet/
PATH: /c/Program Files (x86)/IncrediBuild/
PATH: /c/Users/Admin/anaconda3/
PATH: /d/MATLAB/R2017b/runtime/win64/
PATH: /d/MATLAB/R2017b/bin/
PATH: /usr/bin/
PATH: /mingw64/bin/
PATH: /c/MinGW/bin/
PATH: /c/Program Files/Git/cmd/
PATH: /c/Users/Admin/anaconda3/
PATH: /c/Users/Admin/anaconda3/Library/mingw-w64/bin/
PATH: /c/Users/Admin/anaconda3/Library/usr/bin/
PATH: /c/Users/Admin/anaconda3/Library/bin/
PATH: /c/Users/Admin/anaconda3/Scripts/
PATH: /c/Users/Admin/AppData/Local/Microsoft/WindowsApps/
PATH: /c/Users/Admin/AppData/Local/Programs/Microsoft VS Code/bin/
PATH: /c/Users/Admin/.dotnet/tools/
PATH: /usr/
PATH: /mingw64/


## ----------- ##
## Core tests. ##
## ----------- ##

configure:2020: loading site script /usr/local/etc/config.site
| # This file is in public domain.
| # Original author: Karlson2k (Evgeny Grin)
| # Written for MSys2 to help running 'configure' scripts
| 
| # Use correct config.site file even if CONFIG_SITE is not set
| if test -r /etc/config.site; then
|   . /etc/config.site
| fi
config.site:13: default build_alias set to 
config.site:20: default prefix set to 
configure:2381: looking for aux files: config.guess config.sub ltmain.sh missing install-sh compile
configure:2394:  trying ./
configure:2423:   ./config.guess found
configure:2423:   ./config.sub found
configure:2423:   ./ltmain.sh found
configure:2423:   ./missing found
configure:2405:   ./install-sh found
configure:2423:   ./compile found
configure:2604: checking for gcc
configure:2625: found /mingw64/bin/gcc
configure:2636: result: gcc
configure:2989: checking for C compiler version
configure:2998: gcc --version >&5
gcc.exe (Rev5, Built by MSYS2 project) 10.3.0
Copyright (C) 2020 Free Software Foundation, Inc.
This is free software; see the source for copying conditions.  There is NO
warranty; not even for MERCHANTABILITY or FITNESS FOR A PARTICULAR PURPOSE.

configure:3009: $? = 0
configure:2998: gcc -v >&5
Using built-in specs.
COLLECT_GCC=C:\msys64\mingw64\bin\gcc.exe
COLLECT_LTO_WRAPPER=C:/msys64/mingw64/bin/../lib/gcc/x86_64-w64-mingw32/10.3.0/lto-wrapper.exe
Target: x86_64-w64-mingw32
Configured with: ../gcc-10.3.0/configure --prefix=/mingw64 --with-local-prefix=/mingw64/local --build=x86_64-w64-mingw32 --host=x86_64-w64-mingw32 --target=x86_64-w64-mingw32 --with-native-system-header-dir=/mingw64/x86_64-w64-mingw32/include --libexecdir=/mingw64/lib --enable-bootstrap --enable-checking=release --with-arch=x86-64 --with-tune=generic --enable-languages=c,lto,c++,fortran,ada,objc,obj-c++,jit --enable-shared --enable-static --enable-libatomic --enable-threads=posix --enable-graphite --enable-fully-dynamic-string --enable-libstdcxx-filesystem-ts=yes --enable-libstdcxx-time=yes --disable-libstdcxx-pch --disable-libstdcxx-debug --enable-lto --enable-libgomp --disable-multilib --disable-rpath --disable-win32-registry --disable-nls --disable-werror --disable-symvers --with-libiconv --with-system-zlib --with-gmp=/mingw64 --with-mpfr=/mingw64 --with-mpc=/mingw64 --with-isl=/mingw64 --with-pkgversion='Rev5, Built by MSYS2 project' --with-bugurl=https://github.com/msys2/MINGW-packages/issues --with-gnu-as --with-gnu-ld --with-boot-ldflags='-pipe -Wl,--dynamicbase,--high-entropy-va,--nxcompat,--default-image-base-high -Wl,--disable-dynamicbase -static-libstdc++ -static-libgcc' 'LDFLAGS_FOR_TARGET=-pipe -Wl,--dynamicbase,--high-entropy-va,--nxcompat,--default-image-base-high' --enable-linker-plugin-flags='LDFLAGS=-static-libstdc++\ -static-libgcc\ -pipe\ -Wl,--dynamicbase,--high-entropy-va,--nxcompat,--default-image-base-high\ -Wl,--stack,12582912'
Thread model: posix
Supported LTO compression algorithms: zlib zstd
gcc version 10.3.0 (Rev5, Built by MSYS2 project) 
configure:3009: $? = 0
configure:2998: gcc -V >&5
gcc.exe: error: unrecognized command-line option '-V'
gcc.exe: fatal error: no input files
compilation terminated.
configure:3009: $? = 1
configure:2998: gcc -qversion >&5
gcc.exe: error: unrecognized command-line option '-qversion'; did you mean '--version'?
gcc.exe: fatal error: no input files
compilation terminated.
configure:3009: $? = 1
configure:2998: gcc -version >&5
gcc.exe: error: unrecognized command-line option '-version'
gcc.exe: fatal error: no input files
compilation terminated.
configure:3009: $? = 1
configure:3029: checking whether the C compiler works
configure:3051: gcc    conftest.c  >&5
configure:3055: $? = 0
configure:3105: result: yes
configure:3108: checking for C compiler default output file name
configure:3110: result: a.exe
configure:3116: checking for suffix of executables
configure:3123: gcc -o conftest.exe    conftest.c  >&5
configure:3127: $? = 0
configure:3150: result: .exe
configure:3172: checking whether we are cross compiling
configure:3180: gcc -o conftest.exe    conftest.c  >&5
configure:3184: $? = 0
configure:3191: ./conftest.exe
configure:3195: $? = 0
configure:3210: result: no
configure:3215: checking for suffix of object files
configure:3238: gcc -c   conftest.c >&5
configure:3242: $? = 0
configure:3264: result: o
configure:3268: checking whether the compiler supports GNU C
configure:3288: gcc -c   conftest.c >&5
configure:3288: $? = 0
configure:3298: result: yes
configure:3309: checking whether gcc accepts -g
configure:3330: gcc -c -g  conftest.c >&5
configure:3330: $? = 0
configure:3374: result: yes
configure:3394: checking for gcc option to enable C11 features
configure:3409: gcc  -c -g -O2  conftest.c >&5
configure:3409: $? = 0
configure:3427: result: none needed
configure:3543: checking whether gcc understands -c and -o together
configure:3566: gcc -c conftest.c -o conftest2.o
configure:3569: $? = 0
configure:3566: gcc -c conftest.c -o conftest2.o
configure:3569: $? = 0
configure:3581: result: yes
configure:3603: checking for stdio.h
configure:3603: gcc -c -g -O2  conftest.c >&5
configure:3603: $? = 0
configure:3603: result: yes
configure:3603: checking for stdlib.h
configure:3603: gcc -c -g -O2  conftest.c >&5
configure:3603: $? = 0
configure:3603: result: yes
configure:3603: checking for string.h
configure:3603: gcc -c -g -O2  conftest.c >&5
configure:3603: $? = 0
configure:3603: result: yes
configure:3603: checking for inttypes.h
configure:3603: gcc -c -g -O2  conftest.c >&5
configure:3603: $? = 0
configure:3603: result: yes
configure:3603: checking for stdint.h
configure:3603: gcc -c -g -O2  conftest.c >&5
configure:3603: $? = 0
configure:3603: result: yes
configure:3603: checking for strings.h
configure:3603: gcc -c -g -O2  conftest.c >&5
configure:3603: $? = 0
configure:3603: result: yes
configure:3603: checking for sys/stat.h
configure:3603: gcc -c -g -O2  conftest.c >&5
configure:3603: $? = 0
configure:3603: result: yes
configure:3603: checking for sys/types.h
configure:3603: gcc -c -g -O2  conftest.c >&5
configure:3603: $? = 0
configure:3603: result: yes
configure:3603: checking for unistd.h
configure:3603: gcc -c -g -O2  conftest.c >&5
configure:3603: $? = 0
configure:3603: result: yes
configure:3603: checking for wchar.h
configure:3603: gcc -c -g -O2  conftest.c >&5
configure:3603: $? = 0
configure:3603: result: yes
configure:3603: checking for minix/config.h
configure:3603: gcc -c -g -O2  conftest.c >&5
conftest.c:47:10: fatal error: minix/config.h: No such file or directory
   47 | #include <minix/config.h>
      |          ^~~~~~~~~~~~~~~~
compilation terminated.
configure:3603: $? = 1
configure: failed program was:
| /* confdefs.h */
| #define PACKAGE_NAME "rnnoise"
| #define PACKAGE_TARNAME "rnnoise"
| #define PACKAGE_VERSION "unknown"
| #define PACKAGE_STRING "rnnoise unknown"
| #define PACKAGE_BUGREPORT "jmvalin@jmvalin.ca"
| #define PACKAGE_URL ""
| #define HAVE_STDIO_H 1
| #define HAVE_STDLIB_H 1
| #define HAVE_STRING_H 1
| #define HAVE_INTTYPES_H 1
| #define HAVE_STDINT_H 1
| #define HAVE_STRINGS_H 1
| #define HAVE_SYS_STAT_H 1
| #define HAVE_SYS_TYPES_H 1
| #define HAVE_UNISTD_H 1
| #define HAVE_WCHAR_H 1
| /* end confdefs.h.  */
| #include <stddef.h>
| #ifdef HAVE_STDIO_H
| # include <stdio.h>
| #endif
| #ifdef HAVE_STDLIB_H
| # include <stdlib.h>
| #endif
| #ifdef HAVE_STRING_H
| # include <string.h>
| #endif
| #ifdef HAVE_INTTYPES_H
| # include <inttypes.h>
| #endif
| #ifdef HAVE_STDINT_H
| # include <stdint.h>
| #endif
| #ifdef HAVE_STRINGS_H
| # include <strings.h>
| #endif
| #ifdef HAVE_SYS_TYPES_H
| # include <sys/types.h>
| #endif
| #ifdef HAVE_SYS_STAT_H
| # include <sys/stat.h>
| #endif
| #ifdef HAVE_UNISTD_H
| # include <unistd.h>
| #endif
| #include <minix/config.h>
configure:3603: result: no
configure:3634: checking whether it is safe to define __EXTENSIONS__
configure:3653: gcc -c -g -O2  conftest.c >&5
configure:3653: $? = 0
configure:3661: result: yes
configure:3664: checking whether _XOPEN_SOURCE should be defined
configure:3686: gcc -c -g -O2  conftest.c >&5
configure:3686: $? = 0
configure:3713: result: no
configure:3777: checking for special C compiler options needed for large files
configure:3825: result: no
configure:3831: checking for _FILE_OFFSET_BITS value needed for large files
configure:3857: gcc -c -g -O2  conftest.c >&5
conftest.c:41:39: warning: result of '-2147483648 << 31' requires 63 bits to represent, but 'long int' only has 32 bits [-Wshift-overflow=]
   41 | #define LARGE_OFF_T (((off_t) 1 << 31 << 31) - 1 + ((off_t) 1 << 31 << 31))
      |                                       ^~
conftest.c:42:23: note: in expansion of macro 'LARGE_OFF_T'
   42 |   int off_t_is_large[(LARGE_OFF_T % 2147483629 == 721
      |                       ^~~~~~~~~~~
conftest.c:41:69: warning: result of '-2147483648 << 31' requires 63 bits to represent, but 'long int' only has 32 bits [-Wshift-overflow=]
   41 | #define LARGE_OFF_T (((off_t) 1 << 31 << 31) - 1 + ((off_t) 1 << 31 << 31))
      |                                                                     ^~
conftest.c:42:23: note: in expansion of macro 'LARGE_OFF_T'
   42 |   int off_t_is_large[(LARGE_OFF_T % 2147483629 == 721
      |                       ^~~~~~~~~~~
conftest.c:41:39: warning: result of '-2147483648 << 31' requires 63 bits to represent, but 'long int' only has 32 bits [-Wshift-overflow=]
   41 | #define LARGE_OFF_T (((off_t) 1 << 31 << 31) - 1 + ((off_t) 1 << 31 << 31))
      |                                       ^~
conftest.c:43:13: note: in expansion of macro 'LARGE_OFF_T'
   43 |          && LARGE_OFF_T % 2147483647 == 1)
      |             ^~~~~~~~~~~
conftest.c:41:69: warning: result of '-2147483648 << 31' requires 63 bits to represent, but 'long int' only has 32 bits [-Wshift-overflow=]
   41 | #define LARGE_OFF_T (((off_t) 1 << 31 << 31) - 1 + ((off_t) 1 << 31 << 31))
      |                                                                     ^~
conftest.c:43:13: note: in expansion of macro 'LARGE_OFF_T'
   43 |          && LARGE_OFF_T % 2147483647 == 1)
      |             ^~~~~~~~~~~
conftest.c:42:7: error: variably modified 'off_t_is_large' at file scope
   42 |   int off_t_is_large[(LARGE_OFF_T % 2147483629 == 721
      |       ^~~~~~~~~~~~~~
configure:3857: $? = 1
configure: failed program was:
| /* confdefs.h */
| #define PACKAGE_NAME "rnnoise"
| #define PACKAGE_TARNAME "rnnoise"
| #define PACKAGE_VERSION "unknown"
| #define PACKAGE_STRING "rnnoise unknown"
| #define PACKAGE_BUGREPORT "jmvalin@jmvalin.ca"
| #define PACKAGE_URL ""
| #define HAVE_STDIO_H 1
| #define HAVE_STDLIB_H 1
| #define HAVE_STRING_H 1
| #define HAVE_INTTYPES_H 1
| #define HAVE_STDINT_H 1
| #define HAVE_STRINGS_H 1
| #define HAVE_SYS_STAT_H 1
| #define HAVE_SYS_TYPES_H 1
| #define HAVE_UNISTD_H 1
| #define HAVE_WCHAR_H 1
| #define STDC_HEADERS 1
| #define _ALL_SOURCE 1
| #define _DARWIN_C_SOURCE 1
| #define _GNU_SOURCE 1
| #define _HPUX_ALT_XOPEN_SOCKET_API 1
| #define _NETBSD_SOURCE 1
| #define _OPENBSD_SOURCE 1
| #define _POSIX_PTHREAD_SEMANTICS 1
| #define __STDC_WANT_IEC_60559_ATTRIBS_EXT__ 1
| #define __STDC_WANT_IEC_60559_BFP_EXT__ 1
| #define __STDC_WANT_IEC_60559_DFP_EXT__ 1
| #define __STDC_WANT_IEC_60559_FUNCS_EXT__ 1
| #define __STDC_WANT_IEC_60559_TYPES_EXT__ 1
| #define __STDC_WANT_LIB_EXT2__ 1
| #define __STDC_WANT_MATH_SPEC_FUNCS__ 1
| #define _TANDEM_SOURCE 1
| #define __EXTENSIONS__ 1
| /* end confdefs.h.  */
| #include <sys/types.h>
|  /* Check that off_t can represent 2**63 - 1 correctly.
|     We can't simply define LARGE_OFF_T to be 9223372036854775807,
|     since some C++ compilers masquerading as C compilers
|     incorrectly reject 9223372036854775807.  */
| #define LARGE_OFF_T (((off_t) 1 << 31 << 31) - 1 + ((off_t) 1 << 31 << 31))
|   int off_t_is_large[(LARGE_OFF_T % 2147483629 == 721
| 		       && LARGE_OFF_T % 2147483647 == 1)
| 		      ? 1 : -1];
| int
| main (void)
| {
| 
|   ;
|   return 0;
| }
configure:3882: gcc -c -g -O2  conftest.c >&5
configure:3882: $? = 0
configure:3891: result: 64
configure:3991: checking for a BSD-compatible install
configure:4064: result: /usr/bin/install -c
configure:4075: checking whether build environment is sane
configure:4130: result: yes
configure:4285: checking for a race-free mkdir -p
configure:4329: result: /usr/bin/mkdir -p
configure:4336: checking for gawk
configure:4357: found /usr/bin/gawk
configure:4368: result: gawk
configure:4379: checking whether make sets $(MAKE)
configure:4402: result: yes
configure:4424: checking whether make supports the include directive
configure:4439: make -f confmf.GNU && cat confinc.out
this is the am__doit target
configure:4442: $? = 0
configure:4461: result: yes (GNU style)
configure:4496: checking whether make supports nested variables
configure:4514: result: yes
configure:4590: checking dependency style of gcc
configure:4702: result: gcc3
configure:4761: checking whether to enable maintainer-specific portions of Makefiles
configure:4771: result: yes
configure:4785: checking for inline
configure:4802: gcc -c -g -O2  conftest.c >&5
configure:4802: $? = 0
configure:4811: result: inline
configure:4862: checking build system type
configure:4877: result: x86_64-pc-msys
configure:4897: checking host system type
configure:4911: result: x86_64-pc-msys
configure:4952: checking how to print strings
configure:4979: result: printf
configure:5000: checking for a sed that does not truncate output
configure:5070: result: /usr/bin/sed
configure:5088: checking for grep that handles long lines and -e
configure:5152: result: /usr/bin/grep
configure:5157: checking for egrep
configure:5225: result: /usr/bin/grep -E
configure:5230: checking for fgrep
configure:5298: result: /usr/bin/grep -F
configure:5334: checking for ld used by gcc
configure:5402: result: C:/msys64/mingw64/x86_64-w64-mingw32/bin/ld.exe
configure:5409: checking if the linker (C:/msys64/mingw64/x86_64-w64-mingw32/bin/ld.exe) is GNU ld
configure:5425: result: yes
configure:5437: checking for BSD- or MS-compatible name lister (nm)
configure:5492: result: /mingw64/bin/nm -B
configure:5632: checking the name lister (/mingw64/bin/nm -B) interface
configure:5640: gcc -c -g -O2  conftest.c >&5
configure:5643: /mingw64/bin/nm -B "conftest.o"
configure:5646: output
0000000000000000 b .bss
0000000000000000 d .data
0000000000000000 N .debug_abbrev
0000000000000000 N .debug_aranges
0000000000000000 N .debug_info
0000000000000000 N .debug_line
0000000000000000 r .rdata$zzz
0000000000000000 t .text
0000000000000000 B some_variable
configure:5653: result: BSD nm
configure:5656: checking whether ln -s works
configure:5663: result: no, using cp -pR
configure:5668: checking the maximum length of command line arguments
configure:5800: result: 24000
configure:5848: checking how to convert x86_64-pc-msys file names to x86_64-pc-msys format
configure:5889: result: func_convert_file_noop
configure:5896: checking how to convert x86_64-pc-msys file names to toolchain format
configure:5917: result: func_convert_file_noop
configure:5924: checking for C:/msys64/mingw64/x86_64-w64-mingw32/bin/ld.exe option to reload object files
configure:5932: result: -r
configure:6011: checking for objdump
configure:6032: found /mingw64/bin/objdump
configure:6043: result: objdump
configure:6075: checking how to recognize dependent libraries
configure:6276: result: unknown
configure:6366: checking for dlltool
configure:6387: found /mingw64/bin/dlltool
configure:6398: result: dlltool
configure:6431: checking how to associate runtime and link libraries
configure:6459: result: printf %s\n
configure:6524: checking for ar
configure:6545: found /mingw64/bin/ar
configure:6556: result: ar
configure:6593: checking for archiver @FILE support
configure:6611: gcc -c -g -O2  conftest.c >&5
configure:6611: $? = 0
configure:6615: ar cru libconftest.a @conftest.lst >&5
C:\msys64\mingw64\bin\ar.exe: `u' modifier ignored since `D' is the default (see `U')
configure:6618: $? = 0
configure:6623: ar cru libconftest.a @conftest.lst >&5
C:\msys64\mingw64\bin\ar.exe: `u' modifier ignored since `D' is the default (see `U')
C:\msys64\mingw64\bin\ar.exe: conftest.o: No such file or directory
configure:6626: $? = 1
configure:6638: result: @
configure:6701: checking for strip
configure:6722: found /mingw64/bin/strip
configure:6733: result: strip
configure:6810: checking for ranlib
configure:6831: found /mingw64/bin/ranlib
configure:6842: result: ranlib
configure:6944: checking command to parse /mingw64/bin/nm -B output from gcc object
configure:7098: gcc -c -g -O2  conftest.c >&5
configure:7101: $? = 0
configure:7105: /mingw64/bin/nm -B conftest.o \| sed -n -e 's/^.*[ ]\([ABCDGIRSTW][ABCDGIRSTW]*\)[ ][ ]*\([_A-Za-z][_A-Za-z0-9]*\)$/\1 \2 \2/p' | sed '/ __gnu_lto/d' \> conftest.nm
configure:7108: $? = 0
cannot find nm_test_var in conftest.nm
configure:7098: gcc -c -g -O2  conftest.c >&5
configure:7101: $? = 0
configure:7105: /mingw64/bin/nm -B conftest.o \| sed -n -e 's/^.*[ ]\([ABCDGIRSTW][ABCDGIRSTW]*\)[ ][ ]*_\([_A-Za-z][_A-Za-z0-9]*\)$/\1 _\2 \2/p' | sed '/ __gnu_lto/d' \> conftest.nm
configure:7108: $? = 0
cannot run sed -n -e 's/^.*[	 ]\([ABCDGIRSTW][ABCDGIRSTW]*\)[	 ][	 ]*_\([_A-Za-z][_A-Za-z0-9]*\)$/\1 _\2 \2/p' | sed '/ __gnu_lto/d'
configure:7212: result: failed
configure:7262: checking for sysroot
configure:7293: result: no
configure:7300: checking for a working dd
configure:7344: result: /usr/bin/dd
configure:7348: checking how to truncate binary pipes
configure:7364: result: /usr/bin/dd bs=4096 count=1
configure:7701: checking for mt
configure:7736: result: no
configure:7756: checking if : is a manifest tool
configure:7763: : '-?'
configure:7771: result: no
configure:8497: checking for dlfcn.h
configure:8497: gcc -c -g -O2  conftest.c >&5
conftest.c:66:10: fatal error: dlfcn.h: No such file or directory
   66 | #include <dlfcn.h>
      |          ^~~~~~~~~
compilation terminated.
configure:8497: $? = 1
configure: failed program was:
| /* confdefs.h */
| #define PACKAGE_NAME "rnnoise"
| #define PACKAGE_TARNAME "rnnoise"
| #define PACKAGE_VERSION "unknown"
| #define PACKAGE_STRING "rnnoise unknown"
| #define PACKAGE_BUGREPORT "jmvalin@jmvalin.ca"
| #define PACKAGE_URL ""
| #define HAVE_STDIO_H 1
| #define HAVE_STDLIB_H 1
| #define HAVE_STRING_H 1
| #define HAVE_INTTYPES_H 1
| #define HAVE_STDINT_H 1
| #define HAVE_STRINGS_H 1
| #define HAVE_SYS_STAT_H 1
| #define HAVE_SYS_TYPES_H 1
| #define HAVE_UNISTD_H 1
| #define HAVE_WCHAR_H 1
| #define STDC_HEADERS 1
| #define _ALL_SOURCE 1
| #define _DARWIN_C_SOURCE 1
| #define _GNU_SOURCE 1
| #define _HPUX_ALT_XOPEN_SOCKET_API 1
| #define _NETBSD_SOURCE 1
| #define _OPENBSD_SOURCE 1
| #define _POSIX_PTHREAD_SEMANTICS 1
| #define __STDC_WANT_IEC_60559_ATTRIBS_EXT__ 1
| #define __STDC_WANT_IEC_60559_BFP_EXT__ 1
| #define __STDC_WANT_IEC_60559_DFP_EXT__ 1
| #define __STDC_WANT_IEC_60559_FUNCS_EXT__ 1
| #define __STDC_WANT_IEC_60559_TYPES_EXT__ 1
| #define __STDC_WANT_LIB_EXT2__ 1
| #define __STDC_WANT_MATH_SPEC_FUNCS__ 1
| #define _TANDEM_SOURCE 1
| #define __EXTENSIONS__ 1
| #define _FILE_OFFSET_BITS 64
| /* end confdefs.h.  */
| #include <stddef.h>
| #ifdef HAVE_STDIO_H
| # include <stdio.h>
| #endif
| #ifdef HAVE_STDLIB_H
| # include <stdlib.h>
| #endif
| #ifdef HAVE_STRING_H
| # include <string.h>
| #endif
| #ifdef HAVE_INTTYPES_H
| # include <inttypes.h>
| #endif
| #ifdef HAVE_STDINT_H
| # include <stdint.h>
| #endif
| #ifdef HAVE_STRINGS_H
| # include <strings.h>
| #endif
| #ifdef HAVE_SYS_TYPES_H
| # include <sys/types.h>
| #endif
| #ifdef HAVE_SYS_STAT_H
| # include <sys/stat.h>
| #endif
| #ifdef HAVE_UNISTD_H
| # include <unistd.h>
| #endif
| 
| #include <dlfcn.h>
configure:8497: result: no
configure:8761: checking for objdir
configure:8777: result: .libs
configure:9041: checking if gcc supports -fno-rtti -fno-exceptions
configure:9060: gcc -c -g -O2  -fno-rtti -fno-exceptions conftest.c >&5
cc1.exe: warning: command-line option '-fno-rtti' is valid for C++/D/ObjC++ but not for C
configure:9064: $? = 0
configure:9077: result: no
configure:9435: checking for gcc option to produce PIC
configure:9443: result: -fPIC -DPIC
configure:9451: checking if gcc PIC flag -fPIC -DPIC works
configure:9470: gcc -c -g -O2  -fPIC -DPIC -DPIC conftest.c >&5
configure:9474: $? = 0
configure:9487: result: yes
configure:9516: checking if gcc static flag -static works
configure:9545: result: yes
configure:9560: checking if gcc supports -c -o file.o
configure:9582: gcc -c -g -O2  -o out/conftest2.o conftest.c >&5
configure:9586: $? = 0
configure:9608: result: yes
configure:9616: checking if gcc supports -c -o file.o
configure:9664: result: yes
configure:9697: checking whether the gcc linker (C:/msys64/mingw64/x86_64-w64-mingw32/bin/ld.exe) supports shared libraries
configure:10964: result: yes
configure:11001: checking whether -lc should be explicitly linked in
configure:11010: gcc -c -g -O2  conftest.c >&5
configure:11013: $? = 0
configure:11028: gcc -shared  -fPIC -DPIC conftest.o  -v -Wl,-soname -Wl,conftest -o conftest 2\>\&1 \| /usr/bin/grep  -lc  \>/dev/null 2\>\&1
configure:11031: $? = 1
configure:11045: result: yes
configure:11205: checking dynamic linker characteristics
configure:12026: result: no
configure:12148: checking how to hardcode library paths into programs
configure:12173: result: immediate
configure:12725: checking whether stripping libraries is possible
configure:12730: result: yes
configure:12765: checking if libtool supports shared libraries
configure:12767: result: no
configure:12770: checking whether to build shared libraries
configure:12795: result: no
configure:12798: checking whether to build static libraries
configure:12802: result: yes
configure:12852: checking whether make supports nested variables
configure:12870: result: yes
configure:12898: checking if gcc supports -pedantic flag
configure:12915: gcc -o conftest.exe -g -O2 -pedantic   conftest.c  >&5
configure:12915: $? = 0
configure:12935: result: yes
configure:12898: checking if gcc supports -Wall flag
configure:12915: gcc -o conftest.exe -g -O2 -pedantic -Wall   conftest.c  >&5
configure:12915: $? = 0
configure:12935: result: yes
configure:12898: checking if gcc supports -Wextra flag
configure:12915: gcc -o conftest.exe -g -O2 -pedantic -Wall -Wextra   conftest.c  >&5
configure:12915: $? = 0
configure:12935: result: yes
configure:12898: checking if gcc supports -Wno-sign-compare flag
configure:12915: gcc -o conftest.exe -g -O2 -pedantic -Wall -Wextra -Wno-sign-compare   conftest.c  >&5
configure:12915: $? = 0
configure:12935: result: yes
configure:12898: checking if gcc supports -Wno-parentheses flag
configure:12915: gcc -o conftest.exe -g -O2 -pedantic -Wall -Wextra -Wno-sign-compare -Wno-parentheses   conftest.c  >&5
configure:12915: $? = 0
configure:12935: result: yes
configure:12898: checking if gcc supports -Wno-long-long flag
configure:12915: gcc -o conftest.exe -g -O2 -pedantic -Wall -Wextra -Wno-sign-compare -Wno-parentheses -Wno-long-long   conftest.c  >&5
configure:12915: $? = 0
configure:12935: result: yes
configure:13151: checking for cos in -lm
configure:13174: gcc -o conftest.exe -g -O2 -pedantic -Wall -Wextra -Wno-sign-compare -Wno-parentheses -Wno-long-long   conftest.c -lm   >&5
conftest.c:43:6: warning: conflicting types for built-in function 'cos'; expected 'double(double)' [-Wbuiltin-declaration-mismatch]
   43 | char cos ();
      |      ^~~
conftest.c:1:1: note: 'cos' is declared in header '<math.h>'
    1 | /* confdefs.h */
configure:13174: $? = 0
configure:13184: result: yes
configure:13199: checking for gcc way to treat warnings as errors
configure:13216: gcc -o conftest.exe -g -O2 -pedantic -Wall -Wextra -Wno-sign-compare -Wno-parentheses -Wno-long-long -Werror   conftest.c  >&5
configure:13216: $? = 0
configure:13266: result: -Werror
configure:13272: checking if gcc supports __attribute__(( visibility("default") ))
configure:13284: gcc -c -g -O2 -pedantic -Wall -Wextra -Wno-sign-compare -Wno-parentheses -Wno-long-long -Werror  conftest.c >&5
configure:13284: $? = 0
configure:13294: result: yes
configure:13305: checking if gcc supports -fvisibility=hidden
configure:13324: gcc -o conftest.exe -g -O2 -pedantic -Wall -Wextra -Wno-sign-compare -Wno-parentheses -Wno-long-long -Werror -fvisibility=hidden   conftest.c  >&5
configure:13324: $? = 0
configure:13346: result: yes
configure:13377: checking for doxygen
configure:13410: result: no
configure:13420: checking for dot
configure:13453: result: no
configure:13582: checking that generated files are newer than configure
configure:13588: result: done
configure:13627: creating ./config.status

## ---------------------- ##
## Running config.status. ##
## ---------------------- ##

This file was extended by rnnoise config.status unknown, which was
generated by GNU Autoconf 2.71.  Invocation command line was

  CONFIG_FILES    = 
  CONFIG_HEADERS  = 
  CONFIG_LINKS    = 
  CONFIG_COMMANDS = 
  $ ./config.status 

on MSI

config.status:1111: creating Makefile
config.status:1111: creating rnnoise.pc
config.status:1111: creating rnnoise-uninstalled.pc
config.status:1111: creating doc/Doxyfile
config.status:1111: creating config.h
config.status:1340: executing depfiles commands
config.status:1417: cd .       && sed -e '/# am--include-marker/d' Makefile         | make -f - am--depfiles
config.status:1422: $? = 0
config.status:1340: executing libtool commands
configure:15774:
------------------------------------------------------------------------
  rnnoise unknown: Automatic configuration OK.

    Assertions ................... no

    Hidden visibility ............ yes

    API code examples ............ yes
    API documentation ............ yes
------------------------------------------------------------------------


## ---------------- ##
## Cache variables. ##
## ---------------- ##

ac_cv_build=x86_64-pc-msys
ac_cv_c_compiler_gnu=yes
ac_cv_c_inline=inline
ac_cv_env_build_alias_set=
ac_cv_env_build_alias_value=
ac_cv_env_CC_set=
ac_cv_env_CC_value=
ac_cv_env_CFLAGS_set=
ac_cv_env_CFLAGS_value=
ac_cv_env_CPPFLAGS_set=
ac_cv_env_CPPFLAGS_value=
ac_cv_env_host_alias_set=
ac_cv_env_host_alias_value=
ac_cv_env_LDFLAGS_set=
ac_cv_env_LDFLAGS_value=
ac_cv_env_LIBS_set=
ac_cv_env_LIBS_value=
ac_cv_env_LT_SYS_LIBRARY_PATH_set=
ac_cv_env_LT_SYS_LIBRARY_PATH_value=
ac_cv_env_target_alias_set=
ac_cv_env_target_alias_value=
ac_cv_exeext=.exe
ac_cv_header_dlfcn_h=no
ac_cv_header_inttypes_h=yes
ac_cv_header_minix_config_h=no
ac_cv_header_stdint_h=yes
ac_cv_header_stdio_h=yes
ac_cv_header_stdlib_h=yes
ac_cv_header_string_h=yes
ac_cv_header_strings_h=yes
ac_cv_header_sys_stat_h=yes
ac_cv_header_sys_types_h=yes
ac_cv_header_unistd_h=yes
ac_cv_header_wchar_h=yes
ac_cv_host=x86_64-pc-msys
ac_cv_lib_m_cos=yes
ac_cv_objext=o
ac_cv_path_EGREP='/usr/bin/grep -E'
ac_cv_path_FGREP='/usr/bin/grep -F'
ac_cv_path_GREP=/usr/bin/grep
ac_cv_path_install='/usr/bin/install -c'
ac_cv_path_lt_DD=/usr/bin/dd
ac_cv_path_mkdir=/usr/bin/mkdir
ac_cv_path_SED=/usr/bin/sed
ac_cv_prog_ac_ct_AR=ar
ac_cv_prog_ac_ct_CC=gcc
ac_cv_prog_ac_ct_DLLTOOL=dlltool
ac_cv_prog_ac_ct_OBJDUMP=objdump
ac_cv_prog_ac_ct_RANLIB=ranlib
ac_cv_prog_ac_ct_STRIP=strip
ac_cv_prog_AWK=gawk
ac_cv_prog_cc_c11=
ac_cv_prog_cc_g=yes
ac_cv_prog_cc_stdc=
ac_cv_prog_HAVE_DOT=no
ac_cv_prog_HAVE_DOXYGEN=no
ac_cv_prog_make_make_set=yes
ac_cv_safe_to_define___extensions__=yes
ac_cv_should_define__xopen_source=no
ac_cv_sys_file_offset_bits=64
ac_cv_sys_largefile_CC=no
am_cv_CC_dependencies_compiler_type=gcc3
am_cv_make_support_nested_variables=yes
am_cv_prog_cc_c_o=yes
cc_cv_attribute_visibility_default=yes
cc_cv_cflags__fvisibility_hidden=yes
cc_cv_cflags__pedantic=yes
cc_cv_cflags__Wall=yes
cc_cv_cflags__Werror=yes
cc_cv_cflags__Wextra=yes
cc_cv_cflags__Wno_long_long=yes
cc_cv_cflags__Wno_parentheses=yes
cc_cv_cflags__Wno_sign_compare=yes
cc_cv_flag_visibility=yes
cc_cv_werror=-Werror
lt_cv_ar_at_file=@
lt_cv_archive_cmds_need_lc=yes
lt_cv_deplibs_check_method=unknown
lt_cv_file_magic_cmd='$MAGIC_CMD'
lt_cv_file_magic_test_file=
lt_cv_ld_reload_flag=-r
lt_cv_nm_interface='BSD nm'
lt_cv_objdir=.libs
lt_cv_path_LD=C:/msys64/mingw64/x86_64-w64-mingw32/bin/ld.exe
lt_cv_path_mainfest_tool=no
lt_cv_path_NM='/mingw64/bin/nm -B'
lt_cv_prog_compiler_c_o=yes
lt_cv_prog_compiler_pic_works=yes
lt_cv_prog_compiler_pic='-fPIC -DPIC'
lt_cv_prog_compiler_rtti_exceptions=no
lt_cv_prog_compiler_static_works=yes
lt_cv_prog_gnu_ld=yes
lt_cv_sharedlib_from_linklib_cmd='printf %s\n'
lt_cv_sys_global_symbol_pipe=
lt_cv_sys_global_symbol_to_c_name_address_lib_prefix='sed -n -e '\''s/^: \(.*\) .*$/  {"\1", (void *) 0},/p'\'' -e '\''s/^[ABCDGIRSTW][ABCDGIRSTW]* .* \(lib.*\)$/  {"\1", (void *) \&\1},/p'\'' -e '\''s/^[ABCDGIRSTW][ABCDGIRSTW]* .* \(.*\)$/  {"lib\1", (void *) \&\1},/p'\'''
lt_cv_sys_global_symbol_to_c_name_address='sed -n -e '\''s/^: \(.*\) .*$/  {"\1", (void *) 0},/p'\'' -e '\''s/^[ABCDGIRSTW][ABCDGIRSTW]* .* \(.*\)$/  {"\1", (void *) \&\1},/p'\'''
lt_cv_sys_global_symbol_to_cdecl=
lt_cv_sys_global_symbol_to_import=
lt_cv_sys_max_cmd_len=24000
lt_cv_to_host_file_cmd=func_convert_file_noop
lt_cv_to_tool_file_cmd=func_convert_file_noop
lt_cv_truncate_bin='/usr/bin/dd bs=4096 count=1'

## ----------------- ##
## Output variables. ##
## ----------------- ##

ac_ct_AR='ar'
ac_ct_CC='gcc'
ac_ct_DUMPBIN=''
ACLOCAL='${SHELL} '\''/d/Python/rnnoise/missing'\'' aclocal-1.16'
am__EXEEXT_FALSE='#'
am__EXEEXT_TRUE=''
am__fastdepCC_FALSE='#'
am__fastdepCC_TRUE=''
am__include='include'
am__isrc=''
am__leading_dot='.'
am__nodep='_no'
am__quote=''
am__tar='$${TAR-tar} chof - "$$tardir"'
am__untar='$${TAR-tar} xf -'
AM_BACKSLASH='\'
AM_DEFAULT_V='$(AM_DEFAULT_VERBOSITY)'
AM_DEFAULT_VERBOSITY='0'
AM_V='$(V)'
AMDEP_FALSE='#'
AMDEP_TRUE=''
AMDEPBACKSLASH='\'
AMTAR='$${TAR-tar}'
AR='ar'
AUTOCONF='${SHELL} '\''/d/Python/rnnoise/missing'\'' autoconf'
AUTOHEADER='${SHELL} '\''/d/Python/rnnoise/missing'\'' autoheader'
AUTOMAKE='${SHELL} '\''/d/Python/rnnoise/missing'\'' automake-1.16'
AWK='gawk'
bindir='${exec_prefix}/bin'
build_alias=''
build_cpu='x86_64'
build_os='msys'
build_vendor='pc'
build='x86_64-pc-msys'
CC='gcc'
CCDEPMODE='depmode=gcc3'
CFLAGS='-g -O2 -pedantic -Wall -Wextra -Wno-sign-compare -Wno-parentheses -Wno-long-long -fvisibility=hidden'
CPPFLAGS=''
CYGPATH_W='cygpath -w'
datadir='${datarootdir}'
datarootdir='${prefix}/share'
DEFS='-DHAVE_CONFIG_H'
DEPDIR='.deps'
DLLTOOL='dlltool'
docdir='${datarootdir}/doc/${PACKAGE_TARNAME}'
DSYMUTIL=''
DUMPBIN=''
dvidir='${docdir}'
ECHO_C=''
ECHO_N='-n'
ECHO_T=''
EGREP='/usr/bin/grep -E'
exec_prefix='${prefix}'
EXEEXT='.exe'
FGREP='/usr/bin/grep -F'
GREP='/usr/bin/grep'
HAVE_DOT='no'
HAVE_DOXYGEN_FALSE=''
HAVE_DOXYGEN_TRUE='#'
HAVE_DOXYGEN='no'
host_alias=''
host_cpu='x86_64'
host_os='msys'
host_vendor='pc'
host='x86_64-pc-msys'
htmldir='${docdir}'
includedir='${prefix}/include'
infodir='${datarootdir}/info'
INSTALL_DATA='${INSTALL} -m 644'
INSTALL_PROGRAM='${INSTALL}'
INSTALL_SCRIPT='${INSTALL}'
install_sh='${SHELL} /d/Python/rnnoise/install-sh'
INSTALL_STRIP_PROGRAM='$(install_sh) -c -s'
LD='C:/msys64/mingw64/x86_64-w64-mingw32/bin/ld.exe'
LDFLAGS=''
libdir='${exec_prefix}/lib'
libexecdir='${exec_prefix}/libexec'
LIBM='-lm'
LIBOBJS=''
LIBS=''
LIBTOOL='$(SHELL) $(top_builddir)/libtool'
LIPO=''
LN_S='cp -pR'
localedir='${datarootdir}/locale'
localstatedir='${prefix}/var'
lrintf_lib=''
LT_SYS_LIBRARY_PATH=''
LTLIBOBJS=''
MAINT=''
MAINTAINER_MODE_FALSE='#'
MAINTAINER_MODE_TRUE=''
MAKEINFO='${SHELL} '\''/d/Python/rnnoise/missing'\'' makeinfo'
mandir='${datarootdir}/man'
MANIFEST_TOOL=':'
mkdir_p='$(MKDIR_P)'
MKDIR_P='/usr/bin/mkdir -p'
NM='/mingw64/bin/nm -B'
NMEDIT=''
OBJDUMP='objdump'
OBJEXT='o'
oldincludedir='/usr/include'
OP_ENABLE_EXAMPLES_FALSE='#'
OP_ENABLE_EXAMPLES_TRUE=''
OP_LT_AGE='4'
OP_LT_CURRENT='4'
OP_LT_REVISION='1'
OP_WIN32_FALSE=''
OP_WIN32_TRUE='#'
OTOOL=''
OTOOL64=''
PACKAGE_BUGREPORT='jmvalin@jmvalin.ca'
PACKAGE_NAME='rnnoise'
PACKAGE_STRING='rnnoise unknown'
PACKAGE_TARNAME='rnnoise'
PACKAGE_URL=''
PACKAGE_VERSION='unknown'
PACKAGE='rnnoise'
PATH_SEPARATOR=':'
pdfdir='${docdir}'
prefix=''
program_transform_name='s,x,x,'
psdir='${docdir}'
RANLIB='ranlib'
runstatedir='${localstatedir}/run'
sbindir='${exec_prefix}/sbin'
SED='/usr/bin/sed'
SET_MAKE=''
sharedstatedir='${prefix}/com'
SHELL='/bin/sh'
STRIP='strip'
sysconfdir='${prefix}/etc'
target_alias=''
VERSION='unknown'

## ----------- ##
## confdefs.h. ##
## ----------- ##

/* confdefs.h */
#define PACKAGE_NAME "rnnoise"
#define PACKAGE_TARNAME "rnnoise"
#define PACKAGE_VERSION "unknown"
#define PACKAGE_STRING "rnnoise unknown"
#define PACKAGE_BUGREPORT "jmvalin@jmvalin.ca"
#define PACKAGE_URL ""
#define HAVE_STDIO_H 1
#define HAVE_STDLIB_H 1
#define HAVE_STRING_H 1
#define HAVE_INTTYPES_H 1
#define HAVE_STDINT_H 1
#define HAVE_STRINGS_H 1
#define HAVE_SYS_STAT_H 1
#define HAVE_SYS_TYPES_H 1
#define HAVE_UNISTD_H 1
#define HAVE_WCHAR_H 1
#define STDC_HEADERS 1
#define _ALL_SOURCE 1
#define _DARWIN_C_SOURCE 1
#define _GNU_SOURCE 1
#define _HPUX_ALT_XOPEN_SOCKET_API 1
#define _NETBSD_SOURCE 1
#define _OPENBSD_SOURCE 1
#define _POSIX_PTHREAD_SEMANTICS 1
#define __STDC_WANT_IEC_60559_ATTRIBS_EXT__ 1
#define __STDC_WANT_IEC_60559_BFP_EXT__ 1
#define __STDC_WANT_IEC_60559_DFP_EXT__ 1
#define __STDC_WANT_IEC_60559_FUNCS_EXT__ 1
#define __STDC_WANT_IEC_60559_TYPES_EXT__ 1
#define __STDC_WANT_LIB_EXT2__ 1
#define __STDC_WANT_MATH_SPEC_FUNCS__ 1
#define _TANDEM_SOURCE 1
#define __EXTENSIONS__ 1
#define _FILE_OFFSET_BITS 64
#define LT_OBJDIR ".libs/"
#define RNNOISE_BUILD /**/
#define SUPPORT_ATTRIBUTE_VISIBILITY_DEFAULT 1
#define SUPPORT_FLAG_VISIBILITY 1

configure: exit 0
